2019-04-23 00:25:04.959  INFO 7908 --- [grpc-default-executor-176] com.cit.micro.logger.service.GrpcLogger  : UI: : attempting to get all values from server
2019-04-23 00:25:05.020  INFO 7908 --- [grpc-default-executor-176] com.cit.micro.logger.service.GrpcLogger  : Analysis_Service: 2019-04-23: getting everything 
2019-04-23 00:25:05.266  INFO 7908 --- [grpc-default-executor-176] com.cit.micro.logger.service.GrpcLogger  : Data_Service: 2019-04-23: getting everything 
2019-04-23 00:25:06.117  INFO 7908 --- [grpc-default-executor-176] com.cit.micro.logger.service.GrpcLogger  : UI: : attempting to get UID values from server
2019-04-23 00:25:06.279  INFO 7908 --- [grpc-default-executor-176] com.cit.micro.logger.service.GrpcLogger  : Manager_Service: 2019-04-23: Getting list of UID
2019-04-23 00:25:06.470  INFO 7908 --- [grpc-default-executor-176] com.cit.micro.logger.service.GrpcLogger  : Data_Service: 2019-04-23: getting everything 
2019-04-23 00:25:08.004  INFO 7908 --- [grpc-default-executor-176] com.cit.micro.logger.service.GrpcLogger  : UI: : attempting to get UID values from server
2019-04-23 00:25:08.014  INFO 7908 --- [grpc-default-executor-176] com.cit.micro.logger.service.GrpcLogger  : Manager_Service: 2019-04-23: Getting list of UID
2019-04-23 00:25:08.049  INFO 7908 --- [grpc-default-executor-176] com.cit.micro.logger.service.GrpcLogger  : Data_Service: 2019-04-23: getting everything 
2019-04-23 00:25:08.426  INFO 7908 --- [grpc-default-executor-176] com.cit.micro.logger.service.GrpcLogger  : UI: : attempting to get all values from server
2019-04-23 00:25:08.433  INFO 7908 --- [grpc-default-executor-176] com.cit.micro.logger.service.GrpcLogger  : Analysis_Service: 2019-04-23: getting everything 
2019-04-23 00:25:08.455  INFO 7908 --- [grpc-default-executor-176] com.cit.micro.logger.service.GrpcLogger  : Data_Service: 2019-04-23: getting everything 
2019-04-23 00:25:10.636  INFO 7908 --- [grpc-default-executor-176] com.cit.micro.logger.service.GrpcLogger  : UI: : attempting to get all values from server
2019-04-23 00:25:10.644  INFO 7908 --- [grpc-default-executor-177] com.cit.micro.logger.service.GrpcLogger  : Analysis_Service: 2019-04-23: getting everything 
2019-04-23 00:25:10.668  INFO 7908 --- [grpc-default-executor-177] com.cit.micro.logger.service.GrpcLogger  : Data_Service: 2019-04-23: getting everything 
2019-04-23 00:25:15.549  INFO 7908 --- [grpc-default-executor-177] com.cit.micro.logger.service.GrpcLogger  : UI: : attempting to get UID values from server
2019-04-23 00:25:15.557  INFO 7908 --- [grpc-default-executor-177] com.cit.micro.logger.service.GrpcLogger  : Manager_Service: 2019-04-23: Getting list of UID
2019-04-23 00:25:15.579  INFO 7908 --- [grpc-default-executor-177] com.cit.micro.logger.service.GrpcLogger  : Data_Service: 2019-04-23: getting everything 
2019-04-23 00:26:06.634  INFO 7908 --- [grpc-default-executor-176] com.cit.micro.logger.service.GrpcLogger  : UI: : Creating connection to Analysis service
2019-04-23 00:26:06.634  INFO 7908 --- [grpc-default-executor-177] com.cit.micro.logger.service.GrpcLogger  : UI: : Listening on port 3000
2019-04-23 00:26:06.639  INFO 7908 --- [grpc-default-executor-178] com.cit.micro.logger.service.GrpcLogger  : UI: : Creating connection to Analysis service
2019-04-23 00:26:11.020  INFO 7908 --- [grpc-default-executor-178] com.cit.micro.logger.service.GrpcLogger  : UI: : attempting to get all values from server
2019-04-23 00:26:11.038  INFO 7908 --- [grpc-default-executor-178] com.cit.micro.logger.service.GrpcLogger  : Analysis_Service: 2019-04-23: getting everything 
2019-04-23 00:26:11.056  INFO 7908 --- [grpc-default-executor-178] com.cit.micro.logger.service.GrpcLogger  : Data_Service: 2019-04-23: getting everything 
2019-04-23 00:26:11.603  INFO 7908 --- [grpc-default-executor-178] com.cit.micro.logger.service.GrpcLogger  : UI: : attempting to get UID values from server
2019-04-23 00:26:11.626  INFO 7908 --- [grpc-default-executor-178] com.cit.micro.logger.service.GrpcLogger  : Manager_Service: 2019-04-23: Getting list of UID
2019-04-23 00:26:11.646  INFO 7908 --- [grpc-default-executor-178] com.cit.micro.logger.service.GrpcLogger  : Data_Service: 2019-04-23: getting everything 
2019-04-23 00:26:12.807  INFO 7908 --- [grpc-default-executor-178] com.cit.micro.logger.service.GrpcLogger  : UI: : attempting to get all values from server
2019-04-23 00:26:12.814  INFO 7908 --- [grpc-default-executor-178] com.cit.micro.logger.service.GrpcLogger  : Analysis_Service: 2019-04-23: getting everything 
2019-04-23 00:26:12.841  INFO 7908 --- [grpc-default-executor-178] com.cit.micro.logger.service.GrpcLogger  : Data_Service: 2019-04-23: getting everything 
2019-04-23 00:26:13.829  INFO 7908 --- [grpc-default-executor-178] com.cit.micro.logger.service.GrpcLogger  : UI: : attempting to get all values from server
2019-04-23 00:26:13.839  INFO 7908 --- [grpc-default-executor-178] com.cit.micro.logger.service.GrpcLogger  : Analysis_Service: 2019-04-23: getting everything 
2019-04-23 00:26:13.855  INFO 7908 --- [grpc-default-executor-178] com.cit.micro.logger.service.GrpcLogger  : Data_Service: 2019-04-23: getting everything 
2019-04-23 00:26:14.188  INFO 7908 --- [grpc-default-executor-178] com.cit.micro.logger.service.GrpcLogger  : UI: : attempting to get UID values from server
2019-04-23 00:26:14.195  INFO 7908 --- [grpc-default-executor-178] com.cit.micro.logger.service.GrpcLogger  : Manager_Service: 2019-04-23: Getting list of UID
2019-04-23 00:26:14.218  INFO 7908 --- [grpc-default-executor-178] com.cit.micro.logger.service.GrpcLogger  : Data_Service: 2019-04-23: getting everything 
2019-04-23 00:35:54.254  INFO 7908 --- [grpc-default-executor-179] com.cit.micro.logger.service.GrpcLogger  : UI: : Listening on port 3000
2019-04-23 00:35:54.254  INFO 7908 --- [grpc-default-executor-180] com.cit.micro.logger.service.GrpcLogger  : UI: : Creating connection to Analysis service
2019-04-23 00:35:54.257  INFO 7908 --- [grpc-default-executor-181] com.cit.micro.logger.service.GrpcLogger  : UI: : Creating connection to Analysis service
